[INFO] [2017-10-18 15:35:39][org.springframework.web.context.ContextLoader]Root WebApplicationContext: initialization started
  [INFO] [2017-10-18 15:35:39][org.springframework.web.context.support.XmlWebApplicationContext]Refreshing Root WebApplicationContext: startup date [Wed Oct 18 15:35:39 CST 2017]; root of context hierarchy
  [INFO] [2017-10-18 15:35:39][org.springframework.beans.factory.xml.XmlBeanDefinitionReader]Loading XML bean definitions from file [E:\gitworkspace\dubbo-service\target\classes\applicationContext-dao.xml]
  [INFO] [2017-10-18 15:35:39][org.springframework.beans.factory.xml.XmlBeanDefinitionReader]Loading XML bean definitions from file [E:\gitworkspace\dubbo-service\target\classes\applicationContext-dubbo.xml]
  [INFO] [2017-10-18 15:35:39][com.alibaba.dubbo.common.logger.LoggerFactory]using logger: com.alibaba.dubbo.common.logger.log4j.Log4jLoggerAdapter
  [INFO] [2017-10-18 15:35:39][org.springframework.beans.factory.xml.XmlBeanDefinitionReader]Loading XML bean definitions from file [E:\gitworkspace\dubbo-service\target\classes\applicationContext-mvc.xml]
  [INFO] [2017-10-18 15:35:41][org.springframework.beans.factory.xml.XmlBeanDefinitionReader]Loading XML bean definitions from file [E:\gitworkspace\dubbo-service\target\classes\applicationContext-service.xml]
  [INFO] [2017-10-18 15:35:41][org.springframework.context.annotation.ClassPathBeanDefinitionScanner]JSR-250 'javax.annotation.ManagedBean' found and supported for component scanning
  [INFO] [2017-10-18 15:35:41][org.springframework.context.annotation.ClassPathBeanDefinitionScanner]JSR-330 'javax.inject.Named' annotation found and supported for component scanning
  [INFO] [2017-10-18 15:35:42][org.springframework.context.support.PropertySourcesPlaceholderConfigurer]Loading properties file from class path resource [jdbc.properties]
  [INFO] [2017-10-18 15:35:42][org.springframework.beans.factory.annotation.AutowiredAnnotationBeanPostProcessor]JSR-330 'javax.inject.Inject' annotation found and supported for autowiring
  [INFO] [2017-10-18 15:35:42][org.springframework.beans.factory.support.DefaultListableBeanFactory]Pre-instantiating singletons in org.springframework.beans.factory.support.DefaultListableBeanFactory@4296d228: defining beans [org.springframework.context.support.PropertySourcesPlaceholderConfigurer#0,dataSource,sqlSessionFactory,org.mybatis.spring.mapper.MapperScannerConfigurer#0,dubbo_provider,com.alibaba.dubbo.config.RegistryConfig,dubbo,com.ly.dubbo.service.TestService,testService,com.ly.dubbo.service.IUserService,userService,org.springframework.web.servlet.mvc.method.annotation.RequestMappingHandlerMapping#0,org.springframework.format.support.FormattingConversionServiceFactoryBean#0,org.springframework.web.servlet.mvc.method.annotation.RequestMappingHandlerAdapter#0,org.springframework.web.servlet.handler.MappedInterceptor#0,org.springframework.web.servlet.mvc.method.annotation.ExceptionHandlerExceptionResolver#0,org.springframework.web.servlet.mvc.annotation.ResponseStatusExceptionResolver#0,org.springframework.web.servlet.mvc.support.DefaultHandlerExceptionResolver#0,org.springframework.web.servlet.handler.BeanNameUrlHandlerMapping,org.springframework.web.servlet.mvc.HttpRequestHandlerAdapter,org.springframework.web.servlet.mvc.SimpleControllerHandlerAdapter,org.springframework.web.servlet.resource.ResourceHttpRequestHandler#0,org.springframework.web.servlet.handler.SimpleUrlHandlerMapping#0,org.springframework.web.servlet.mvc.annotation.AnnotationMethodHandlerAdapter#0,userServiceImpl,org.springframework.context.annotation.internalConfigurationAnnotationProcessor,org.springframework.context.annotation.internalAutowiredAnnotationProcessor,org.springframework.context.annotation.internalRequiredAnnotationProcessor,org.springframework.context.annotation.internalCommonAnnotationProcessor,transactionManager,org.springframework.aop.config.internalAutoProxyCreator,org.springframework.transaction.annotation.AnnotationTransactionAttributeSource#0,org.springframework.transaction.interceptor.TransactionInterceptor#0,org.springframework.transaction.config.internalTransactionAdvisor,IUserDao,org.springframework.context.annotation.ConfigurationClassPostProcessor.importAwareProcessor]; root of factory hierarchy
  [INFO] [2017-10-18 15:35:42][com.mchange.v2.log.MLog]MLog clients using log4j logging.
  [INFO] [2017-10-18 15:35:42][com.mchange.v2.c3p0.C3P0Registry]Initializing c3p0-0.9.1.2 [built 21-May-2007 15:04:56; debug? true; trace: 10]
  [INFO] [2017-10-18 15:35:43][org.springframework.web.servlet.handler.SimpleUrlHandlerMapping]Mapped URL path [/resources/**] onto handler 'org.springframework.web.servlet.resource.ResourceHttpRequestHandler#0'
  [INFO] [2017-10-18 15:35:43][com.alibaba.dubbo.config.AbstractConfig] [DUBBO] The service ready on spring started. service: com.ly.dubbo.service.TestService, dubbo version: 2.5.3, current host: 127.0.0.1
  [INFO] [2017-10-18 15:35:43][com.alibaba.dubbo.config.AbstractConfig] [DUBBO] Export dubbo service com.ly.dubbo.service.TestService to local registry, dubbo version: 2.5.3, current host: 127.0.0.1
  [INFO] [2017-10-18 15:35:43][com.alibaba.dubbo.config.AbstractConfig] [DUBBO] Export dubbo service com.ly.dubbo.service.TestService to url dubbo://172.24.10.222:20880/com.ly.dubbo.service.TestService?anyhost=true&application=dubbo_provider&dubbo=2.5.3&interface=com.ly.dubbo.service.TestService&methods=testSayDubbo,say,build&pid=7432&side=provider&timestamp=1508312143112, dubbo version: 2.5.3, current host: 127.0.0.1
  [INFO] [2017-10-18 15:35:43][com.alibaba.dubbo.config.AbstractConfig] [DUBBO] Register dubbo service com.ly.dubbo.service.TestService url dubbo://172.24.10.222:20880/com.ly.dubbo.service.TestService?anyhost=true&application=dubbo_provider&dubbo=2.5.3&interface=com.ly.dubbo.service.TestService&methods=testSayDubbo,say,build&pid=7432&side=provider&timestamp=1508312143112 to registry registry://127.0.0.1:2181/com.alibaba.dubbo.registry.RegistryService?application=dubbo_provider&dubbo=2.5.3&pid=7432&registry=zookeeper&timestamp=1508312143097, dubbo version: 2.5.3, current host: 127.0.0.1
  [ERROR] [2017-10-18 15:35:43][org.springframework.web.context.ContextLoader]Context initialization failed
  com.alibaba.dubbo.rpc.RpcException: Fail to start server(url: dubbo://172.24.10.222:20880/com.ly.dubbo.service.TestService?anyhost=true&application=dubbo_provider&channel.readonly.sent=true&codec=dubbo&dubbo=2.5.3&heartbeat=60000&interface=com.ly.dubbo.service.TestService&methods=testSayDubbo,say,build&pid=7432&side=provider&timestamp=1508312143112) Failed to bind NettyServer on /172.24.10.222:20880, cause: Failed to bind to: /0.0.0.0:20880
	at com.alibaba.dubbo.rpc.protocol.dubbo.DubboProtocol.createServer(DubboProtocol.java:289)
	at com.alibaba.dubbo.rpc.protocol.dubbo.DubboProtocol.openServer(DubboProtocol.java:266)
	at com.alibaba.dubbo.rpc.protocol.dubbo.DubboProtocol.export(DubboProtocol.java:253)
	at com.alibaba.dubbo.rpc.protocol.ProtocolListenerWrapper.export(ProtocolListenerWrapper.java:56)
	at com.alibaba.dubbo.rpc.protocol.ProtocolFilterWrapper.export(ProtocolFilterWrapper.java:55)
	at com.alibaba.dubbo.rpc.Protocol$Adpative.export(Protocol$Adpative.java)
	at com.alibaba.dubbo.registry.integration.RegistryProtocol.doLocalExport(RegistryProtocol.java:153)
	at com.alibaba.dubbo.registry.integration.RegistryProtocol.export(RegistryProtocol.java:107)
	at com.alibaba.dubbo.rpc.protocol.ProtocolListenerWrapper.export(ProtocolListenerWrapper.java:54)
	at com.alibaba.dubbo.rpc.protocol.ProtocolFilterWrapper.export(ProtocolFilterWrapper.java:53)
	at com.alibaba.dubbo.rpc.Protocol$Adpative.export(Protocol$Adpative.java)
	at com.alibaba.dubbo.config.ServiceConfig.doExportUrlsFor1Protocol(ServiceConfig.java:485)
	at com.alibaba.dubbo.config.ServiceConfig.doExportUrls(ServiceConfig.java:281)
	at com.alibaba.dubbo.config.ServiceConfig.doExport(ServiceConfig.java:242)
	at com.alibaba.dubbo.config.ServiceConfig.export(ServiceConfig.java:143)
	at com.alibaba.dubbo.config.spring.ServiceBean.onApplicationEvent(ServiceBean.java:109)
	at org.springframework.context.event.SimpleApplicationEventMulticaster.multicastEvent(SimpleApplicationEventMulticaster.java:97)
	at org.springframework.context.support.AbstractApplicationContext.publishEvent(AbstractApplicationContext.java:327)
	at org.springframework.context.support.AbstractApplicationContext.finishRefresh(AbstractApplicationContext.java:941)
	at org.springframework.context.support.AbstractApplicationContext.refresh(AbstractApplicationContext.java:475)
	at org.springframework.web.context.ContextLoader.configureAndRefreshWebApplicationContext(ContextLoader.java:388)
	at org.springframework.web.context.ContextLoader.initWebApplicationContext(ContextLoader.java:293)
	at org.springframework.web.context.ContextLoaderListener.contextInitialized(ContextLoaderListener.java:111)
	at org.apache.catalina.core.StandardContext.listenerStart(StandardContext.java:4939)
	at org.apache.catalina.core.StandardContext.startInternal(StandardContext.java:5434)
	at org.apache.catalina.util.LifecycleBase.start(LifecycleBase.java:150)
	at org.apache.catalina.core.ContainerBase$StartChild.call(ContainerBase.java:1559)
	at org.apache.catalina.core.ContainerBase$StartChild.call(ContainerBase.java:1549)
	at java.util.concurrent.FutureTask$Sync.innerRun(FutureTask.java:334)
	at java.util.concurrent.FutureTask.run(FutureTask.java:166)
	at java.util.concurrent.ThreadPoolExecutor.runWorker(ThreadPoolExecutor.java:1145)
	at java.util.concurrent.ThreadPoolExecutor$Worker.run(ThreadPoolExecutor.java:615)
	at java.lang.Thread.run(Thread.java:722)
Caused by: com.alibaba.dubbo.remoting.RemotingException: Failed to bind NettyServer on /172.24.10.222:20880, cause: Failed to bind to: /0.0.0.0:20880
	at com.alibaba.dubbo.remoting.transport.AbstractServer.<init>(AbstractServer.java:72)
	at com.alibaba.dubbo.remoting.transport.netty.NettyServer.<init>(NettyServer.java:63)
	at com.alibaba.dubbo.remoting.transport.netty.NettyTransporter.bind(NettyTransporter.java:33)
	at com.alibaba.dubbo.remoting.Transporter$Adpative.bind(Transporter$Adpative.java)
	at com.alibaba.dubbo.remoting.Transporters.bind(Transporters.java:48)
	at com.alibaba.dubbo.remoting.exchange.support.header.HeaderExchanger.bind(HeaderExchanger.java:41)
	at com.alibaba.dubbo.remoting.exchange.Exchangers.bind(Exchangers.java:63)
	at com.alibaba.dubbo.rpc.protocol.dubbo.DubboProtocol.createServer(DubboProtocol.java:287)
	... 32 more
Caused by: org.jboss.netty.channel.ChannelException: Failed to bind to: /0.0.0.0:20880
	at org.jboss.netty.bootstrap.ServerBootstrap.bind(ServerBootstrap.java:303)
	at com.alibaba.dubbo.remoting.transport.netty.NettyServer.doOpen(NettyServer.java:94)
	at com.alibaba.dubbo.remoting.transport.AbstractServer.<init>(AbstractServer.java:67)
	... 39 more
Caused by: java.net.BindException: Address already in use: bind
	at sun.nio.ch.Net.bind0(Native Method)
	at sun.nio.ch.Net.bind(Net.java:344)
	at sun.nio.ch.Net.bind(Net.java:336)
	at sun.nio.ch.ServerSocketChannelImpl.bind(ServerSocketChannelImpl.java:199)
	at sun.nio.ch.ServerSocketAdaptor.bind(ServerSocketAdaptor.java:74)
	at org.jboss.netty.channel.socket.nio.NioServerSocketPipelineSink.bind(NioServerSocketPipelineSink.java:148)
	at org.jboss.netty.channel.socket.nio.NioServerSocketPipelineSink.handleServerSocket(NioServerSocketPipelineSink.java:100)
	at org.jboss.netty.channel.socket.nio.NioServerSocketPipelineSink.eventSunk(NioServerSocketPipelineSink.java:74)
	at org.jboss.netty.channel.Channels.bind(Channels.java:468)
	at org.jboss.netty.channel.AbstractChannel.bind(AbstractChannel.java:192)
	at org.jboss.netty.bootstrap.ServerBootstrap$Binder.channelOpen(ServerBootstrap.java:348)
	at org.jboss.netty.channel.Channels.fireChannelOpen(Channels.java:176)
	at org.jboss.netty.channel.socket.nio.NioServerSocketChannel.<init>(NioServerSocketChannel.java:85)
	at org.jboss.netty.channel.socket.nio.NioServerSocketChannelFactory.newChannel(NioServerSocketChannelFactory.java:142)
	at org.jboss.netty.channel.socket.nio.NioServerSocketChannelFactory.newChannel(NioServerSocketChannelFactory.java:90)
	at org.jboss.netty.bootstrap.ServerBootstrap.bind(ServerBootstrap.java:282)
	... 41 more
[INFO] [2017-10-18 15:35:43][org.springframework.web.context.support.XmlWebApplicationContext]Closing Root WebApplicationContext: startup date [Wed Oct 18 15:35:39 CST 2017]; root of context hierarchy
  [INFO] [2017-10-18 15:35:43][org.springframework.beans.factory.support.DefaultListableBeanFactory]Destroying singletons in org.springframework.beans.factory.support.DefaultListableBeanFactory@4296d228: defining beans [org.springframework.context.support.PropertySourcesPlaceholderConfigurer#0,dataSource,sqlSessionFactory,org.mybatis.spring.mapper.MapperScannerConfigurer#0,dubbo_provider,com.alibaba.dubbo.config.RegistryConfig,dubbo,com.ly.dubbo.service.TestService,testService,com.ly.dubbo.service.IUserService,userService,org.springframework.web.servlet.mvc.method.annotation.RequestMappingHandlerMapping#0,org.springframework.format.support.FormattingConversionServiceFactoryBean#0,org.springframework.web.servlet.mvc.method.annotation.RequestMappingHandlerAdapter#0,org.springframework.web.servlet.handler.MappedInterceptor#0,org.springframework.web.servlet.mvc.method.annotation.ExceptionHandlerExceptionResolver#0,org.springframework.web.servlet.mvc.annotation.ResponseStatusExceptionResolver#0,org.springframework.web.servlet.mvc.support.DefaultHandlerExceptionResolver#0,org.springframework.web.servlet.handler.BeanNameUrlHandlerMapping,org.springframework.web.servlet.mvc.HttpRequestHandlerAdapter,org.springframework.web.servlet.mvc.SimpleControllerHandlerAdapter,org.springframework.web.servlet.resource.ResourceHttpRequestHandler#0,org.springframework.web.servlet.handler.SimpleUrlHandlerMapping#0,org.springframework.web.servlet.mvc.annotation.AnnotationMethodHandlerAdapter#0,userServiceImpl,org.springframework.context.annotation.internalConfigurationAnnotationProcessor,org.springframework.context.annotation.internalAutowiredAnnotationProcessor,org.springframework.context.annotation.internalRequiredAnnotationProcessor,org.springframework.context.annotation.internalCommonAnnotationProcessor,transactionManager,org.springframework.aop.config.internalAutoProxyCreator,org.springframework.transaction.annotation.AnnotationTransactionAttributeSource#0,org.springframework.transaction.interceptor.TransactionInterceptor#0,org.springframework.transaction.config.internalTransactionAdvisor,IUserDao,org.springframework.context.annotation.ConfigurationClassPostProcessor.importAwareProcessor]; root of factory hierarchy
  [INFO] [2017-10-18 15:37:32][org.springframework.web.context.ContextLoader]Root WebApplicationContext: initialization started
  [INFO] [2017-10-18 15:37:32][org.springframework.web.context.support.XmlWebApplicationContext]Refreshing Root WebApplicationContext: startup date [Wed Oct 18 15:37:32 CST 2017]; root of context hierarchy
  [INFO] [2017-10-18 15:37:32][org.springframework.beans.factory.xml.XmlBeanDefinitionReader]Loading XML bean definitions from file [E:\gitworkspace\dubbo-service\target\classes\applicationContext-dao.xml]
  [INFO] [2017-10-18 15:37:32][org.springframework.beans.factory.xml.XmlBeanDefinitionReader]Loading XML bean definitions from file [E:\gitworkspace\dubbo-service\target\classes\applicationContext-dubbo.xml]
  [INFO] [2017-10-18 15:37:32][com.alibaba.dubbo.common.logger.LoggerFactory]using logger: com.alibaba.dubbo.common.logger.log4j.Log4jLoggerAdapter
  [INFO] [2017-10-18 15:37:32][org.springframework.beans.factory.xml.XmlBeanDefinitionReader]Loading XML bean definitions from file [E:\gitworkspace\dubbo-service\target\classes\applicationContext-mvc.xml]
  [INFO] [2017-10-18 15:37:33][org.springframework.beans.factory.xml.XmlBeanDefinitionReader]Loading XML bean definitions from file [E:\gitworkspace\dubbo-service\target\classes\applicationContext-service.xml]
  [INFO] [2017-10-18 15:37:33][org.springframework.context.annotation.ClassPathBeanDefinitionScanner]JSR-250 'javax.annotation.ManagedBean' found and supported for component scanning
  [INFO] [2017-10-18 15:37:33][org.springframework.context.annotation.ClassPathBeanDefinitionScanner]JSR-330 'javax.inject.Named' annotation found and supported for component scanning
  [INFO] [2017-10-18 15:37:34][org.springframework.context.support.PropertySourcesPlaceholderConfigurer]Loading properties file from class path resource [jdbc.properties]
  [INFO] [2017-10-18 15:37:34][org.springframework.beans.factory.annotation.AutowiredAnnotationBeanPostProcessor]JSR-330 'javax.inject.Inject' annotation found and supported for autowiring
  [INFO] [2017-10-18 15:37:34][org.springframework.beans.factory.support.DefaultListableBeanFactory]Pre-instantiating singletons in org.springframework.beans.factory.support.DefaultListableBeanFactory@767e0b: defining beans [org.springframework.context.support.PropertySourcesPlaceholderConfigurer#0,dataSource,sqlSessionFactory,org.mybatis.spring.mapper.MapperScannerConfigurer#0,dubbo_provider,com.alibaba.dubbo.config.RegistryConfig,dubbo,com.ly.dubbo.service.TestService,testService,com.ly.dubbo.service.IUserService,userService,org.springframework.web.servlet.mvc.method.annotation.RequestMappingHandlerMapping#0,org.springframework.format.support.FormattingConversionServiceFactoryBean#0,org.springframework.web.servlet.mvc.method.annotation.RequestMappingHandlerAdapter#0,org.springframework.web.servlet.handler.MappedInterceptor#0,org.springframework.web.servlet.mvc.method.annotation.ExceptionHandlerExceptionResolver#0,org.springframework.web.servlet.mvc.annotation.ResponseStatusExceptionResolver#0,org.springframework.web.servlet.mvc.support.DefaultHandlerExceptionResolver#0,org.springframework.web.servlet.handler.BeanNameUrlHandlerMapping,org.springframework.web.servlet.mvc.HttpRequestHandlerAdapter,org.springframework.web.servlet.mvc.SimpleControllerHandlerAdapter,org.springframework.web.servlet.resource.ResourceHttpRequestHandler#0,org.springframework.web.servlet.handler.SimpleUrlHandlerMapping#0,org.springframework.web.servlet.mvc.annotation.AnnotationMethodHandlerAdapter#0,userServiceImpl,org.springframework.context.annotation.internalConfigurationAnnotationProcessor,org.springframework.context.annotation.internalAutowiredAnnotationProcessor,org.springframework.context.annotation.internalRequiredAnnotationProcessor,org.springframework.context.annotation.internalCommonAnnotationProcessor,transactionManager,org.springframework.aop.config.internalAutoProxyCreator,org.springframework.transaction.annotation.AnnotationTransactionAttributeSource#0,org.springframework.transaction.interceptor.TransactionInterceptor#0,org.springframework.transaction.config.internalTransactionAdvisor,IUserDao,org.springframework.context.annotation.ConfigurationClassPostProcessor.importAwareProcessor]; root of factory hierarchy
  [INFO] [2017-10-18 15:37:34][com.mchange.v2.log.MLog]MLog clients using log4j logging.
  [INFO] [2017-10-18 15:37:34][com.mchange.v2.c3p0.C3P0Registry]Initializing c3p0-0.9.1.2 [built 21-May-2007 15:04:56; debug? true; trace: 10]
  [INFO] [2017-10-18 15:37:35][org.springframework.web.servlet.handler.SimpleUrlHandlerMapping]Mapped URL path [/resources/**] onto handler 'org.springframework.web.servlet.resource.ResourceHttpRequestHandler#0'
  [INFO] [2017-10-18 15:37:35][com.alibaba.dubbo.config.AbstractConfig] [DUBBO] The service ready on spring started. service: com.ly.dubbo.service.TestService, dubbo version: 2.5.3, current host: 127.0.0.1
  [INFO] [2017-10-18 15:37:35][com.alibaba.dubbo.config.AbstractConfig] [DUBBO] Export dubbo service com.ly.dubbo.service.TestService to local registry, dubbo version: 2.5.3, current host: 127.0.0.1
  [INFO] [2017-10-18 15:37:35][com.alibaba.dubbo.config.AbstractConfig] [DUBBO] Export dubbo service com.ly.dubbo.service.TestService to url dubbo://172.24.10.222:20880/com.ly.dubbo.service.TestService?anyhost=true&application=dubbo_provider&dubbo=2.5.3&interface=com.ly.dubbo.service.TestService&methods=testSayDubbo,say,build&pid=3536&side=provider&timestamp=1508312255103, dubbo version: 2.5.3, current host: 127.0.0.1
  [INFO] [2017-10-18 15:37:35][com.alibaba.dubbo.config.AbstractConfig] [DUBBO] Register dubbo service com.ly.dubbo.service.TestService url dubbo://172.24.10.222:20880/com.ly.dubbo.service.TestService?anyhost=true&application=dubbo_provider&dubbo=2.5.3&interface=com.ly.dubbo.service.TestService&methods=testSayDubbo,say,build&pid=3536&side=provider&timestamp=1508312255103 to registry registry://127.0.0.1:2181/com.alibaba.dubbo.registry.RegistryService?application=dubbo_provider&dubbo=2.5.3&pid=3536&registry=zookeeper&timestamp=1508312255092, dubbo version: 2.5.3, current host: 127.0.0.1
  [ERROR] [2017-10-18 15:37:35][org.springframework.web.context.ContextLoader]Context initialization failed
  com.alibaba.dubbo.rpc.RpcException: Fail to start server(url: dubbo://172.24.10.222:20880/com.ly.dubbo.service.TestService?anyhost=true&application=dubbo_provider&channel.readonly.sent=true&codec=dubbo&dubbo=2.5.3&heartbeat=60000&interface=com.ly.dubbo.service.TestService&methods=testSayDubbo,say,build&pid=3536&side=provider&timestamp=1508312255103) Failed to bind NettyServer on /172.24.10.222:20880, cause: Failed to bind to: /0.0.0.0:20880
	at com.alibaba.dubbo.rpc.protocol.dubbo.DubboProtocol.createServer(DubboProtocol.java:289)
	at com.alibaba.dubbo.rpc.protocol.dubbo.DubboProtocol.openServer(DubboProtocol.java:266)
	at com.alibaba.dubbo.rpc.protocol.dubbo.DubboProtocol.export(DubboProtocol.java:253)
	at com.alibaba.dubbo.rpc.protocol.ProtocolFilterWrapper.export(ProtocolFilterWrapper.java:55)
	at com.alibaba.dubbo.rpc.protocol.ProtocolListenerWrapper.export(ProtocolListenerWrapper.java:56)
	at com.alibaba.dubbo.rpc.Protocol$Adpative.export(Protocol$Adpative.java)
	at com.alibaba.dubbo.registry.integration.RegistryProtocol.doLocalExport(RegistryProtocol.java:153)
	at com.alibaba.dubbo.registry.integration.RegistryProtocol.export(RegistryProtocol.java:107)
	at com.alibaba.dubbo.rpc.protocol.ProtocolFilterWrapper.export(ProtocolFilterWrapper.java:53)
	at com.alibaba.dubbo.rpc.protocol.ProtocolListenerWrapper.export(ProtocolListenerWrapper.java:54)
	at com.alibaba.dubbo.rpc.Protocol$Adpative.export(Protocol$Adpative.java)
	at com.alibaba.dubbo.config.ServiceConfig.doExportUrlsFor1Protocol(ServiceConfig.java:485)
	at com.alibaba.dubbo.config.ServiceConfig.doExportUrls(ServiceConfig.java:281)
	at com.alibaba.dubbo.config.ServiceConfig.doExport(ServiceConfig.java:242)
	at com.alibaba.dubbo.config.ServiceConfig.export(ServiceConfig.java:143)
	at com.alibaba.dubbo.config.spring.ServiceBean.onApplicationEvent(ServiceBean.java:109)
	at org.springframework.context.event.SimpleApplicationEventMulticaster.multicastEvent(SimpleApplicationEventMulticaster.java:97)
	at org.springframework.context.support.AbstractApplicationContext.publishEvent(AbstractApplicationContext.java:327)
	at org.springframework.context.support.AbstractApplicationContext.finishRefresh(AbstractApplicationContext.java:941)
	at org.springframework.context.support.AbstractApplicationContext.refresh(AbstractApplicationContext.java:475)
	at org.springframework.web.context.ContextLoader.configureAndRefreshWebApplicationContext(ContextLoader.java:388)
	at org.springframework.web.context.ContextLoader.initWebApplicationContext(ContextLoader.java:293)
	at org.springframework.web.context.ContextLoaderListener.contextInitialized(ContextLoaderListener.java:111)
	at org.apache.catalina.core.StandardContext.listenerStart(StandardContext.java:4939)
	at org.apache.catalina.core.StandardContext.startInternal(StandardContext.java:5434)
	at org.apache.catalina.util.LifecycleBase.start(LifecycleBase.java:150)
	at org.apache.catalina.core.ContainerBase$StartChild.call(ContainerBase.java:1559)
	at org.apache.catalina.core.ContainerBase$StartChild.call(ContainerBase.java:1549)
	at java.util.concurrent.FutureTask$Sync.innerRun(FutureTask.java:334)
	at java.util.concurrent.FutureTask.run(FutureTask.java:166)
	at java.util.concurrent.ThreadPoolExecutor.runWorker(ThreadPoolExecutor.java:1145)
	at java.util.concurrent.ThreadPoolExecutor$Worker.run(ThreadPoolExecutor.java:615)
	at java.lang.Thread.run(Thread.java:722)
Caused by: com.alibaba.dubbo.remoting.RemotingException: Failed to bind NettyServer on /172.24.10.222:20880, cause: Failed to bind to: /0.0.0.0:20880
	at com.alibaba.dubbo.remoting.transport.AbstractServer.<init>(AbstractServer.java:72)
	at com.alibaba.dubbo.remoting.transport.netty.NettyServer.<init>(NettyServer.java:63)
	at com.alibaba.dubbo.remoting.transport.netty.NettyTransporter.bind(NettyTransporter.java:33)
	at com.alibaba.dubbo.remoting.Transporter$Adpative.bind(Transporter$Adpative.java)
	at com.alibaba.dubbo.remoting.Transporters.bind(Transporters.java:48)
	at com.alibaba.dubbo.remoting.exchange.support.header.HeaderExchanger.bind(HeaderExchanger.java:41)
	at com.alibaba.dubbo.remoting.exchange.Exchangers.bind(Exchangers.java:63)
	at com.alibaba.dubbo.rpc.protocol.dubbo.DubboProtocol.createServer(DubboProtocol.java:287)
	... 32 more
Caused by: org.jboss.netty.channel.ChannelException: Failed to bind to: /0.0.0.0:20880
	at org.jboss.netty.bootstrap.ServerBootstrap.bind(ServerBootstrap.java:303)
	at com.alibaba.dubbo.remoting.transport.netty.NettyServer.doOpen(NettyServer.java:94)
	at com.alibaba.dubbo.remoting.transport.AbstractServer.<init>(AbstractServer.java:67)
	... 39 more
Caused by: java.net.BindException: Address already in use: bind
	at sun.nio.ch.Net.bind0(Native Method)
	at sun.nio.ch.Net.bind(Net.java:344)
	at sun.nio.ch.Net.bind(Net.java:336)
	at sun.nio.ch.ServerSocketChannelImpl.bind(ServerSocketChannelImpl.java:199)
	at sun.nio.ch.ServerSocketAdaptor.bind(ServerSocketAdaptor.java:74)
	at org.jboss.netty.channel.socket.nio.NioServerSocketPipelineSink.bind(NioServerSocketPipelineSink.java:148)
	at org.jboss.netty.channel.socket.nio.NioServerSocketPipelineSink.handleServerSocket(NioServerSocketPipelineSink.java:100)
	at org.jboss.netty.channel.socket.nio.NioServerSocketPipelineSink.eventSunk(NioServerSocketPipelineSink.java:74)
	at org.jboss.netty.channel.Channels.bind(Channels.java:468)
	at org.jboss.netty.channel.AbstractChannel.bind(AbstractChannel.java:192)
	at org.jboss.netty.bootstrap.ServerBootstrap$Binder.channelOpen(ServerBootstrap.java:348)
	at org.jboss.netty.channel.Channels.fireChannelOpen(Channels.java:176)
	at org.jboss.netty.channel.socket.nio.NioServerSocketChannel.<init>(NioServerSocketChannel.java:85)
	at org.jboss.netty.channel.socket.nio.NioServerSocketChannelFactory.newChannel(NioServerSocketChannelFactory.java:142)
	at org.jboss.netty.channel.socket.nio.NioServerSocketChannelFactory.newChannel(NioServerSocketChannelFactory.java:90)
	at org.jboss.netty.bootstrap.ServerBootstrap.bind(ServerBootstrap.java:282)
	... 41 more
[INFO] [2017-10-18 15:37:35][org.springframework.web.context.support.XmlWebApplicationContext]Closing Root WebApplicationContext: startup date [Wed Oct 18 15:37:32 CST 2017]; root of context hierarchy
  [INFO] [2017-10-18 15:37:35][org.springframework.beans.factory.support.DefaultListableBeanFactory]Destroying singletons in org.springframework.beans.factory.support.DefaultListableBeanFactory@767e0b: defining beans [org.springframework.context.support.PropertySourcesPlaceholderConfigurer#0,dataSource,sqlSessionFactory,org.mybatis.spring.mapper.MapperScannerConfigurer#0,dubbo_provider,com.alibaba.dubbo.config.RegistryConfig,dubbo,com.ly.dubbo.service.TestService,testService,com.ly.dubbo.service.IUserService,userService,org.springframework.web.servlet.mvc.method.annotation.RequestMappingHandlerMapping#0,org.springframework.format.support.FormattingConversionServiceFactoryBean#0,org.springframework.web.servlet.mvc.method.annotation.RequestMappingHandlerAdapter#0,org.springframework.web.servlet.handler.MappedInterceptor#0,org.springframework.web.servlet.mvc.method.annotation.ExceptionHandlerExceptionResolver#0,org.springframework.web.servlet.mvc.annotation.ResponseStatusExceptionResolver#0,org.springframework.web.servlet.mvc.support.DefaultHandlerExceptionResolver#0,org.springframework.web.servlet.handler.BeanNameUrlHandlerMapping,org.springframework.web.servlet.mvc.HttpRequestHandlerAdapter,org.springframework.web.servlet.mvc.SimpleControllerHandlerAdapter,org.springframework.web.servlet.resource.ResourceHttpRequestHandler#0,org.springframework.web.servlet.handler.SimpleUrlHandlerMapping#0,org.springframework.web.servlet.mvc.annotation.AnnotationMethodHandlerAdapter#0,userServiceImpl,org.springframework.context.annotation.internalConfigurationAnnotationProcessor,org.springframework.context.annotation.internalAutowiredAnnotationProcessor,org.springframework.context.annotation.internalRequiredAnnotationProcessor,org.springframework.context.annotation.internalCommonAnnotationProcessor,transactionManager,org.springframework.aop.config.internalAutoProxyCreator,org.springframework.transaction.annotation.AnnotationTransactionAttributeSource#0,org.springframework.transaction.interceptor.TransactionInterceptor#0,org.springframework.transaction.config.internalTransactionAdvisor,IUserDao,org.springframework.context.annotation.ConfigurationClassPostProcessor.importAwareProcessor]; root of factory hierarchy
  [INFO] [2017-10-18 15:43:23][org.springframework.web.context.ContextLoader]Root WebApplicationContext: initialization started
  [INFO] [2017-10-18 15:43:23][org.springframework.web.context.support.XmlWebApplicationContext]Refreshing Root WebApplicationContext: startup date [Wed Oct 18 15:43:23 CST 2017]; root of context hierarchy
  [INFO] [2017-10-18 15:43:23][org.springframework.beans.factory.xml.XmlBeanDefinitionReader]Loading XML bean definitions from file [E:\gitworkspace\dubbo-service\target\classes\applicationContext-dao.xml]
  [INFO] [2017-10-18 15:43:23][org.springframework.beans.factory.xml.XmlBeanDefinitionReader]Loading XML bean definitions from file [E:\gitworkspace\dubbo-service\target\classes\applicationContext-dubbo.xml]
  [INFO] [2017-10-18 15:43:23][com.alibaba.dubbo.common.logger.LoggerFactory]using logger: com.alibaba.dubbo.common.logger.log4j.Log4jLoggerAdapter
  [INFO] [2017-10-18 15:43:23][org.springframework.beans.factory.xml.XmlBeanDefinitionReader]Loading XML bean definitions from file [E:\gitworkspace\dubbo-service\target\classes\applicationContext-mvc.xml]
  [INFO] [2017-10-18 15:43:24][org.springframework.beans.factory.xml.XmlBeanDefinitionReader]Loading XML bean definitions from file [E:\gitworkspace\dubbo-service\target\classes\applicationContext-service.xml]
  [INFO] [2017-10-18 15:43:24][org.springframework.context.annotation.ClassPathBeanDefinitionScanner]JSR-250 'javax.annotation.ManagedBean' found and supported for component scanning
  [INFO] [2017-10-18 15:43:24][org.springframework.context.annotation.ClassPathBeanDefinitionScanner]JSR-330 'javax.inject.Named' annotation found and supported for component scanning
  [INFO] [2017-10-18 15:43:25][org.springframework.context.support.PropertySourcesPlaceholderConfigurer]Loading properties file from class path resource [jdbc.properties]
  [INFO] [2017-10-18 15:43:25][org.springframework.beans.factory.annotation.AutowiredAnnotationBeanPostProcessor]JSR-330 'javax.inject.Inject' annotation found and supported for autowiring
  [INFO] [2017-10-18 15:43:25][org.springframework.beans.factory.support.DefaultListableBeanFactory]Pre-instantiating singletons in org.springframework.beans.factory.support.DefaultListableBeanFactory@2682eedf: defining beans [org.springframework.context.support.PropertySourcesPlaceholderConfigurer#0,dataSource,sqlSessionFactory,org.mybatis.spring.mapper.MapperScannerConfigurer#0,dubbo_provider,com.alibaba.dubbo.config.RegistryConfig,dubbo,com.ly.dubbo.service.TestService,testService,com.ly.dubbo.service.IUserService,userService,org.springframework.web.servlet.mvc.method.annotation.RequestMappingHandlerMapping#0,org.springframework.format.support.FormattingConversionServiceFactoryBean#0,org.springframework.web.servlet.mvc.method.annotation.RequestMappingHandlerAdapter#0,org.springframework.web.servlet.handler.MappedInterceptor#0,org.springframework.web.servlet.mvc.method.annotation.ExceptionHandlerExceptionResolver#0,org.springframework.web.servlet.mvc.annotation.ResponseStatusExceptionResolver#0,org.springframework.web.servlet.mvc.support.DefaultHandlerExceptionResolver#0,org.springframework.web.servlet.handler.BeanNameUrlHandlerMapping,org.springframework.web.servlet.mvc.HttpRequestHandlerAdapter,org.springframework.web.servlet.mvc.SimpleControllerHandlerAdapter,org.springframework.web.servlet.resource.ResourceHttpRequestHandler#0,org.springframework.web.servlet.handler.SimpleUrlHandlerMapping#0,org.springframework.web.servlet.mvc.annotation.AnnotationMethodHandlerAdapter#0,userServiceImpl,org.springframework.context.annotation.internalConfigurationAnnotationProcessor,org.springframework.context.annotation.internalAutowiredAnnotationProcessor,org.springframework.context.annotation.internalRequiredAnnotationProcessor,org.springframework.context.annotation.internalCommonAnnotationProcessor,transactionManager,org.springframework.aop.config.internalAutoProxyCreator,org.springframework.transaction.annotation.AnnotationTransactionAttributeSource#0,org.springframework.transaction.interceptor.TransactionInterceptor#0,org.springframework.transaction.config.internalTransactionAdvisor,IUserDao,org.springframework.context.annotation.ConfigurationClassPostProcessor.importAwareProcessor]; root of factory hierarchy
  [INFO] [2017-10-18 15:43:25][com.mchange.v2.log.MLog]MLog clients using log4j logging.
  [INFO] [2017-10-18 15:43:25][com.mchange.v2.c3p0.C3P0Registry]Initializing c3p0-0.9.1.2 [built 21-May-2007 15:04:56; debug? true; trace: 10]
  [INFO] [2017-10-18 15:43:26][org.springframework.web.servlet.handler.SimpleUrlHandlerMapping]Mapped URL path [/resources/**] onto handler 'org.springframework.web.servlet.resource.ResourceHttpRequestHandler#0'
  [INFO] [2017-10-18 15:43:26][com.alibaba.dubbo.config.AbstractConfig] [DUBBO] The service ready on spring started. service: com.ly.dubbo.service.TestService, dubbo version: 2.5.3, current host: 127.0.0.1
  [INFO] [2017-10-18 15:43:26][com.alibaba.dubbo.config.AbstractConfig] [DUBBO] Export dubbo service com.ly.dubbo.service.TestService to local registry, dubbo version: 2.5.3, current host: 127.0.0.1
  [INFO] [2017-10-18 15:43:26][com.alibaba.dubbo.config.AbstractConfig] [DUBBO] Export dubbo service com.ly.dubbo.service.TestService to url dubbo://172.24.10.222:20880/com.ly.dubbo.service.TestService?anyhost=true&application=dubbo_provider&dubbo=2.5.3&interface=com.ly.dubbo.service.TestService&methods=testSayDubbo,say,build&pid=4712&side=provider&timestamp=1508312606333, dubbo version: 2.5.3, current host: 127.0.0.1
  [INFO] [2017-10-18 15:43:26][com.alibaba.dubbo.config.AbstractConfig] [DUBBO] Register dubbo service com.ly.dubbo.service.TestService url dubbo://172.24.10.222:20880/com.ly.dubbo.service.TestService?anyhost=true&application=dubbo_provider&dubbo=2.5.3&interface=com.ly.dubbo.service.TestService&methods=testSayDubbo,say,build&pid=4712&side=provider&timestamp=1508312606333 to registry registry://127.0.0.1:2181/com.alibaba.dubbo.registry.RegistryService?application=dubbo_provider&dubbo=2.5.3&pid=4712&registry=zookeeper&timestamp=1508312606323, dubbo version: 2.5.3, current host: 127.0.0.1
  [ERROR] [2017-10-18 15:43:26][org.springframework.web.context.ContextLoader]Context initialization failed
  com.alibaba.dubbo.rpc.RpcException: Fail to start server(url: dubbo://172.24.10.222:20880/com.ly.dubbo.service.TestService?anyhost=true&application=dubbo_provider&channel.readonly.sent=true&codec=dubbo&dubbo=2.5.3&heartbeat=60000&interface=com.ly.dubbo.service.TestService&methods=testSayDubbo,say,build&pid=4712&side=provider&timestamp=1508312606333) Failed to bind NettyServer on /172.24.10.222:20880, cause: Failed to bind to: /0.0.0.0:20880
	at com.alibaba.dubbo.rpc.protocol.dubbo.DubboProtocol.createServer(DubboProtocol.java:289)
	at com.alibaba.dubbo.rpc.protocol.dubbo.DubboProtocol.openServer(DubboProtocol.java:266)
	at com.alibaba.dubbo.rpc.protocol.dubbo.DubboProtocol.export(DubboProtocol.java:253)
	at com.alibaba.dubbo.rpc.protocol.ProtocolListenerWrapper.export(ProtocolListenerWrapper.java:56)
	at com.alibaba.dubbo.rpc.protocol.ProtocolFilterWrapper.export(ProtocolFilterWrapper.java:55)
	at com.alibaba.dubbo.rpc.Protocol$Adpative.export(Protocol$Adpative.java)
	at com.alibaba.dubbo.registry.integration.RegistryProtocol.doLocalExport(RegistryProtocol.java:153)
	at com.alibaba.dubbo.registry.integration.RegistryProtocol.export(RegistryProtocol.java:107)
	at com.alibaba.dubbo.rpc.protocol.ProtocolListenerWrapper.export(ProtocolListenerWrapper.java:54)
	at com.alibaba.dubbo.rpc.protocol.ProtocolFilterWrapper.export(ProtocolFilterWrapper.java:53)
	at com.alibaba.dubbo.rpc.Protocol$Adpative.export(Protocol$Adpative.java)
	at com.alibaba.dubbo.config.ServiceConfig.doExportUrlsFor1Protocol(ServiceConfig.java:485)
	at com.alibaba.dubbo.config.ServiceConfig.doExportUrls(ServiceConfig.java:281)
	at com.alibaba.dubbo.config.ServiceConfig.doExport(ServiceConfig.java:242)
	at com.alibaba.dubbo.config.ServiceConfig.export(ServiceConfig.java:143)
	at com.alibaba.dubbo.config.spring.ServiceBean.onApplicationEvent(ServiceBean.java:109)
	at org.springframework.context.event.SimpleApplicationEventMulticaster.multicastEvent(SimpleApplicationEventMulticaster.java:97)
	at org.springframework.context.support.AbstractApplicationContext.publishEvent(AbstractApplicationContext.java:327)
	at org.springframework.context.support.AbstractApplicationContext.finishRefresh(AbstractApplicationContext.java:941)
	at org.springframework.context.support.AbstractApplicationContext.refresh(AbstractApplicationContext.java:475)
	at org.springframework.web.context.ContextLoader.configureAndRefreshWebApplicationContext(ContextLoader.java:388)
	at org.springframework.web.context.ContextLoader.initWebApplicationContext(ContextLoader.java:293)
	at org.springframework.web.context.ContextLoaderListener.contextInitialized(ContextLoaderListener.java:111)
	at org.apache.catalina.core.StandardContext.listenerStart(StandardContext.java:4939)
	at org.apache.catalina.core.StandardContext.startInternal(StandardContext.java:5434)
	at org.apache.catalina.util.LifecycleBase.start(LifecycleBase.java:150)
	at org.apache.catalina.core.ContainerBase$StartChild.call(ContainerBase.java:1559)
	at org.apache.catalina.core.ContainerBase$StartChild.call(ContainerBase.java:1549)
	at java.util.concurrent.FutureTask$Sync.innerRun(FutureTask.java:334)
	at java.util.concurrent.FutureTask.run(FutureTask.java:166)
	at java.util.concurrent.ThreadPoolExecutor.runWorker(ThreadPoolExecutor.java:1145)
	at java.util.concurrent.ThreadPoolExecutor$Worker.run(ThreadPoolExecutor.java:615)
	at java.lang.Thread.run(Thread.java:722)
Caused by: com.alibaba.dubbo.remoting.RemotingException: Failed to bind NettyServer on /172.24.10.222:20880, cause: Failed to bind to: /0.0.0.0:20880
	at com.alibaba.dubbo.remoting.transport.AbstractServer.<init>(AbstractServer.java:72)
	at com.alibaba.dubbo.remoting.transport.netty.NettyServer.<init>(NettyServer.java:63)
	at com.alibaba.dubbo.remoting.transport.netty.NettyTransporter.bind(NettyTransporter.java:33)
	at com.alibaba.dubbo.remoting.Transporter$Adpative.bind(Transporter$Adpative.java)
	at com.alibaba.dubbo.remoting.Transporters.bind(Transporters.java:48)
	at com.alibaba.dubbo.remoting.exchange.support.header.HeaderExchanger.bind(HeaderExchanger.java:41)
	at com.alibaba.dubbo.remoting.exchange.Exchangers.bind(Exchangers.java:63)
	at com.alibaba.dubbo.rpc.protocol.dubbo.DubboProtocol.createServer(DubboProtocol.java:287)
	... 32 more
Caused by: org.jboss.netty.channel.ChannelException: Failed to bind to: /0.0.0.0:20880
	at org.jboss.netty.bootstrap.ServerBootstrap.bind(ServerBootstrap.java:303)
	at com.alibaba.dubbo.remoting.transport.netty.NettyServer.doOpen(NettyServer.java:94)
	at com.alibaba.dubbo.remoting.transport.AbstractServer.<init>(AbstractServer.java:67)
	... 39 more
Caused by: java.net.BindException: Address already in use: bind
	at sun.nio.ch.Net.bind0(Native Method)
	at sun.nio.ch.Net.bind(Net.java:344)
	at sun.nio.ch.Net.bind(Net.java:336)
	at sun.nio.ch.ServerSocketChannelImpl.bind(ServerSocketChannelImpl.java:199)
	at sun.nio.ch.ServerSocketAdaptor.bind(ServerSocketAdaptor.java:74)
	at org.jboss.netty.channel.socket.nio.NioServerSocketPipelineSink.bind(NioServerSocketPipelineSink.java:148)
	at org.jboss.netty.channel.socket.nio.NioServerSocketPipelineSink.handleServerSocket(NioServerSocketPipelineSink.java:100)
	at org.jboss.netty.channel.socket.nio.NioServerSocketPipelineSink.eventSunk(NioServerSocketPipelineSink.java:74)
	at org.jboss.netty.channel.Channels.bind(Channels.java:468)
	at org.jboss.netty.channel.AbstractChannel.bind(AbstractChannel.java:192)
	at org.jboss.netty.bootstrap.ServerBootstrap$Binder.channelOpen(ServerBootstrap.java:348)
	at org.jboss.netty.channel.Channels.fireChannelOpen(Channels.java:176)
	at org.jboss.netty.channel.socket.nio.NioServerSocketChannel.<init>(NioServerSocketChannel.java:85)
	at org.jboss.netty.channel.socket.nio.NioServerSocketChannelFactory.newChannel(NioServerSocketChannelFactory.java:142)
	at org.jboss.netty.channel.socket.nio.NioServerSocketChannelFactory.newChannel(NioServerSocketChannelFactory.java:90)
	at org.jboss.netty.bootstrap.ServerBootstrap.bind(ServerBootstrap.java:282)
	... 41 more
[INFO] [2017-10-18 15:43:26][org.springframework.web.context.support.XmlWebApplicationContext]Closing Root WebApplicationContext: startup date [Wed Oct 18 15:43:23 CST 2017]; root of context hierarchy
  [INFO] [2017-10-18 15:43:26][org.springframework.beans.factory.support.DefaultListableBeanFactory]Destroying singletons in org.springframework.beans.factory.support.DefaultListableBeanFactory@2682eedf: defining beans [org.springframework.context.support.PropertySourcesPlaceholderConfigurer#0,dataSource,sqlSessionFactory,org.mybatis.spring.mapper.MapperScannerConfigurer#0,dubbo_provider,com.alibaba.dubbo.config.RegistryConfig,dubbo,com.ly.dubbo.service.TestService,testService,com.ly.dubbo.service.IUserService,userService,org.springframework.web.servlet.mvc.method.annotation.RequestMappingHandlerMapping#0,org.springframework.format.support.FormattingConversionServiceFactoryBean#0,org.springframework.web.servlet.mvc.method.annotation.RequestMappingHandlerAdapter#0,org.springframework.web.servlet.handler.MappedInterceptor#0,org.springframework.web.servlet.mvc.method.annotation.ExceptionHandlerExceptionResolver#0,org.springframework.web.servlet.mvc.annotation.ResponseStatusExceptionResolver#0,org.springframework.web.servlet.mvc.support.DefaultHandlerExceptionResolver#0,org.springframework.web.servlet.handler.BeanNameUrlHandlerMapping,org.springframework.web.servlet.mvc.HttpRequestHandlerAdapter,org.springframework.web.servlet.mvc.SimpleControllerHandlerAdapter,org.springframework.web.servlet.resource.ResourceHttpRequestHandler#0,org.springframework.web.servlet.handler.SimpleUrlHandlerMapping#0,org.springframework.web.servlet.mvc.annotation.AnnotationMethodHandlerAdapter#0,userServiceImpl,org.springframework.context.annotation.internalConfigurationAnnotationProcessor,org.springframework.context.annotation.internalAutowiredAnnotationProcessor,org.springframework.context.annotation.internalRequiredAnnotationProcessor,org.springframework.context.annotation.internalCommonAnnotationProcessor,transactionManager,org.springframework.aop.config.internalAutoProxyCreator,org.springframework.transaction.annotation.AnnotationTransactionAttributeSource#0,org.springframework.transaction.interceptor.TransactionInterceptor#0,org.springframework.transaction.config.internalTransactionAdvisor,IUserDao,org.springframework.context.annotation.ConfigurationClassPostProcessor.importAwareProcessor]; root of factory hierarchy
  [INFO] [2017-10-18 15:45:04][org.springframework.web.context.ContextLoader]Root WebApplicationContext: initialization started
  [INFO] [2017-10-18 15:45:04][org.springframework.web.context.support.XmlWebApplicationContext]Refreshing Root WebApplicationContext: startup date [Wed Oct 18 15:45:04 CST 2017]; root of context hierarchy
  [INFO] [2017-10-18 15:45:04][org.springframework.beans.factory.xml.XmlBeanDefinitionReader]Loading XML bean definitions from file [E:\gitworkspace\dubbo-service\target\classes\applicationContext-dao.xml]
  [INFO] [2017-10-18 15:45:04][org.springframework.beans.factory.xml.XmlBeanDefinitionReader]Loading XML bean definitions from file [E:\gitworkspace\dubbo-service\target\classes\applicationContext-dubbo.xml]
  [INFO] [2017-10-18 15:45:04][com.alibaba.dubbo.common.logger.LoggerFactory]using logger: com.alibaba.dubbo.common.logger.log4j.Log4jLoggerAdapter
  [INFO] [2017-10-18 15:45:04][org.springframework.beans.factory.xml.XmlBeanDefinitionReader]Loading XML bean definitions from file [E:\gitworkspace\dubbo-service\target\classes\applicationContext-mvc.xml]
  [INFO] [2017-10-18 15:45:05][org.springframework.beans.factory.xml.XmlBeanDefinitionReader]Loading XML bean definitions from file [E:\gitworkspace\dubbo-service\target\classes\applicationContext-service.xml]
  [INFO] [2017-10-18 15:45:05][org.springframework.context.annotation.ClassPathBeanDefinitionScanner]JSR-250 'javax.annotation.ManagedBean' found and supported for component scanning
  [INFO] [2017-10-18 15:45:05][org.springframework.context.annotation.ClassPathBeanDefinitionScanner]JSR-330 'javax.inject.Named' annotation found and supported for component scanning
  [INFO] [2017-10-18 15:45:05][org.springframework.context.support.PropertySourcesPlaceholderConfigurer]Loading properties file from class path resource [jdbc.properties]
  [INFO] [2017-10-18 15:45:05][org.springframework.beans.factory.annotation.AutowiredAnnotationBeanPostProcessor]JSR-330 'javax.inject.Inject' annotation found and supported for autowiring
  [INFO] [2017-10-18 15:45:05][org.springframework.beans.factory.support.DefaultListableBeanFactory]Pre-instantiating singletons in org.springframework.beans.factory.support.DefaultListableBeanFactory@54fc218f: defining beans [org.springframework.context.support.PropertySourcesPlaceholderConfigurer#0,dataSource,sqlSessionFactory,org.mybatis.spring.mapper.MapperScannerConfigurer#0,dubbo_provider,com.alibaba.dubbo.config.RegistryConfig,dubbo,com.ly.dubbo.service.TestService,testService,com.ly.dubbo.service.IUserService,userService,org.springframework.web.servlet.mvc.method.annotation.RequestMappingHandlerMapping#0,org.springframework.format.support.FormattingConversionServiceFactoryBean#0,org.springframework.web.servlet.mvc.method.annotation.RequestMappingHandlerAdapter#0,org.springframework.web.servlet.handler.MappedInterceptor#0,org.springframework.web.servlet.mvc.method.annotation.ExceptionHandlerExceptionResolver#0,org.springframework.web.servlet.mvc.annotation.ResponseStatusExceptionResolver#0,org.springframework.web.servlet.mvc.support.DefaultHandlerExceptionResolver#0,org.springframework.web.servlet.handler.BeanNameUrlHandlerMapping,org.springframework.web.servlet.mvc.HttpRequestHandlerAdapter,org.springframework.web.servlet.mvc.SimpleControllerHandlerAdapter,org.springframework.web.servlet.resource.ResourceHttpRequestHandler#0,org.springframework.web.servlet.handler.SimpleUrlHandlerMapping#0,org.springframework.web.servlet.mvc.annotation.AnnotationMethodHandlerAdapter#0,userServiceImpl,org.springframework.context.annotation.internalConfigurationAnnotationProcessor,org.springframework.context.annotation.internalAutowiredAnnotationProcessor,org.springframework.context.annotation.internalRequiredAnnotationProcessor,org.springframework.context.annotation.internalCommonAnnotationProcessor,transactionManager,org.springframework.aop.config.internalAutoProxyCreator,org.springframework.transaction.annotation.AnnotationTransactionAttributeSource#0,org.springframework.transaction.interceptor.TransactionInterceptor#0,org.springframework.transaction.config.internalTransactionAdvisor,IUserDao,org.springframework.context.annotation.ConfigurationClassPostProcessor.importAwareProcessor]; root of factory hierarchy
  [INFO] [2017-10-18 15:45:05][com.mchange.v2.log.MLog]MLog clients using log4j logging.
  [INFO] [2017-10-18 15:45:05][com.mchange.v2.c3p0.C3P0Registry]Initializing c3p0-0.9.1.2 [built 21-May-2007 15:04:56; debug? true; trace: 10]
  [INFO] [2017-10-18 15:45:06][org.springframework.web.servlet.handler.SimpleUrlHandlerMapping]Mapped URL path [/resources/**] onto handler 'org.springframework.web.servlet.resource.ResourceHttpRequestHandler#0'
  [INFO] [2017-10-18 15:45:06][com.alibaba.dubbo.config.AbstractConfig] [DUBBO] The service ready on spring started. service: com.ly.dubbo.service.TestService, dubbo version: 2.5.3, current host: 127.0.0.1
  [INFO] [2017-10-18 15:45:06][com.alibaba.dubbo.config.AbstractConfig] [DUBBO] Export dubbo service com.ly.dubbo.service.TestService to local registry, dubbo version: 2.5.3, current host: 127.0.0.1
  [INFO] [2017-10-18 15:45:06][com.alibaba.dubbo.config.AbstractConfig] [DUBBO] Export dubbo service com.ly.dubbo.service.TestService to url dubbo://172.24.10.222:20880/com.ly.dubbo.service.TestService?anyhost=true&application=dubbo_provider&dubbo=2.5.3&interface=com.ly.dubbo.service.TestService&methods=testSayDubbo,say,build&pid=1924&side=provider&timestamp=1508312706620, dubbo version: 2.5.3, current host: 127.0.0.1
  [INFO] [2017-10-18 15:45:06][com.alibaba.dubbo.config.AbstractConfig] [DUBBO] Register dubbo service com.ly.dubbo.service.TestService url dubbo://172.24.10.222:20880/com.ly.dubbo.service.TestService?anyhost=true&application=dubbo_provider&dubbo=2.5.3&interface=com.ly.dubbo.service.TestService&methods=testSayDubbo,say,build&pid=1924&side=provider&timestamp=1508312706620 to registry registry://127.0.0.1:2181/com.alibaba.dubbo.registry.RegistryService?application=dubbo_provider&dubbo=2.5.3&pid=1924&registry=zookeeper&timestamp=1508312706609, dubbo version: 2.5.3, current host: 127.0.0.1
  [INFO] [2017-10-18 15:45:06][com.alibaba.dubbo.remoting.transport.AbstractServer] [DUBBO] Start NettyServer bind /0.0.0.0:20880, export /172.24.10.222:20880, dubbo version: 2.5.3, current host: 127.0.0.1
  [INFO] [2017-10-18 15:45:06][com.alibaba.dubbo.registry.zookeeper.ZookeeperRegistry] [DUBBO] Load registry store file C:\Users\lenovo\.dubbo\dubbo-registry-127.0.0.1.cache, data: {com.test.Provider=dubbo://172.24.10.222:20880/com.test.Provider?anyhost=true&application=anyname_provider&dubbo=2.5.3&interface=com.test.Provider&methods=build&pid=18868&side=provider&timestamp=1507857292027 empty://172.24.10.222/com.test.Provider?application=consumer_app&category=configurators&default.timeout=5000&dubbo=2.5.3&interface=com.test.Provider&methods=build&pid=10252&side=consumer&timestamp=1507858013478 empty://172.24.10.222/com.test.Provider?application=consumer_app&category=routers&default.timeout=5000&dubbo=2.5.3&interface=com.test.Provider&methods=build&pid=10252&side=consumer&timestamp=1507858013478, com.ly.dubbo.service.TestService=empty://172.24.10.222:20880/com.ly.dubbo.service.TestService?anyhost=true&application=anyname_provider&category=configurators&check=false&dubbo=2.5.3&interface=com.ly.dubbo.service.TestService&methods=build&pid=8284&revision=0.0.1-SNAPSHOT&side=provider&timestamp=1508312555462, com.ly.dubbo.service.IUserService=override://172.24.10.222/com.ly.dubbo.service.IUserService?category=configurators&dynamic=false&enabled=true&weight=200 override://172.24.10.222:20883/com.ly.dubbo.service.IUserService?category=configurators&dynamic=false&enabled=true&weight=200 override://172.24.10.222:20880/com.ly.dubbo.service.IUserService?category=configurators&dynamic=false&enabled=true&weight=400}, dubbo version: 2.5.3, current host: 127.0.0.1
  [INFO] [2017-10-18 15:45:06][org.I0Itec.zkclient.ZkEventThread]Starting ZkClient event thread.
  [INFO] [2017-10-18 15:45:06][org.apache.zookeeper.ZooKeeper]Client environment:zookeeper.version=3.4.6-1569965, built on 02/20/2014 09:09 GMT
  [INFO] [2017-10-18 15:45:06][org.apache.zookeeper.ZooKeeper]Client environment:host.name=LAPTOP-T1A9FT6J
  [INFO] [2017-10-18 15:45:06][org.apache.zookeeper.ZooKeeper]Client environment:java.version=1.7.0_17
  [INFO] [2017-10-18 15:45:06][org.apache.zookeeper.ZooKeeper]Client environment:java.vendor=Oracle Corporation
  [INFO] [2017-10-18 15:45:06][org.apache.zookeeper.ZooKeeper]Client environment:java.home=C:\Program Files\Java\jdk1.7.0_17\jre
  [INFO] [2017-10-18 15:45:06][org.apache.zookeeper.ZooKeeper]Client environment:java.class.path=/E:/eclipse-luna/eclipse/plugins/org.eclipse.m2e.maven.runtime_1.5.1.20150109-1819/jars/plexus-classworlds-2.5.1.jar
  [INFO] [2017-10-18 15:45:06][org.apache.zookeeper.ZooKeeper]Client environment:java.library.path=C:\Program Files\Java\jdk1.7.0_17\bin;C:\WINDOWS\Sun\Java\bin;C:\WINDOWS\system32;C:\WINDOWS;C:\Program Files\Java\jdk1.7.0_17\jre\bin;C:/Program Files/Java/jdk1.7.0_17/bin/../jre/bin/server;C:/Program Files/Java/jdk1.7.0_17/bin/../jre/bin;C:/Program Files/Java/jdk1.7.0_17/bin/../jre/lib/amd64;C:\Python27\;C:\Program Files\Java\jdk1.7.0_17\bin;C:\WINDOWS\system32;C:\WINDOWS;C:\WINDOWS\System32\Wbem;C:\WINDOWS\System32\WindowsPowerShell\v1.0\;C:\Program Files (x86)\ATI Technologies\ATI.ACE\Core-Static;D:\Program Files\MySQL\MySQL Server 5.5\bin;C:\Program Files\TortoiseSVN\bin;C:\Program Files (x86)\Django-1.10.5\django\bin;C:\Program Files\nodejs\;D:\Program Files (x86)\SSH Communications Security\SSH Secure Shell;C:\Program Files (x86)\Java\jdk1.7.0_80\bin;D:\Program Files\ssh;C:\Users\lenovo\AppData\Local\Microsoft\WindowsApps;C:\Users\lenovo\AppData\Roaming\npm;;E:\eclipse-luna\eclipse;;.
  [INFO] [2017-10-18 15:45:06][org.apache.zookeeper.ZooKeeper]Client environment:java.io.tmpdir=C:\Users\lenovo\AppData\Local\Temp\
  [INFO] [2017-10-18 15:45:06][org.apache.zookeeper.ZooKeeper]Client environment:java.compiler=<NA>
  [INFO] [2017-10-18 15:45:06][org.apache.zookeeper.ZooKeeper]Client environment:os.name=Windows 8
  [INFO] [2017-10-18 15:45:06][org.apache.zookeeper.ZooKeeper]Client environment:os.arch=amd64
  [INFO] [2017-10-18 15:45:06][org.apache.zookeeper.ZooKeeper]Client environment:os.version=6.2
  [INFO] [2017-10-18 15:45:06][org.apache.zookeeper.ZooKeeper]Client environment:user.name=lenovo
  [INFO] [2017-10-18 15:45:06][org.apache.zookeeper.ZooKeeper]Client environment:user.home=C:\Users\lenovo
  [INFO] [2017-10-18 15:45:06][org.apache.zookeeper.ZooKeeper]Client environment:user.dir=E:\gitworkspace\dubbo-service
  [INFO] [2017-10-18 15:45:06][org.apache.zookeeper.ZooKeeper]Initiating client connection, connectString=127.0.0.1:2181 sessionTimeout=30000 watcher=org.I0Itec.zkclient.ZkClient@29d49b0a
  [INFO] [2017-10-18 15:45:06][org.apache.zookeeper.ClientCnxn]Opening socket connection to server 127.0.0.1/127.0.0.1:2181. Will not attempt to authenticate using SASL (unknown error)
  [INFO] [2017-10-18 15:45:06][org.apache.zookeeper.ClientCnxn]Socket connection established to 127.0.0.1/127.0.0.1:2181, initiating session
  [WARN] [2017-10-18 15:45:07][org.apache.zookeeper.ClientCnxnSocket]Connected to an old server; r-o mode will be unavailable
  [INFO] [2017-10-18 15:45:07][org.apache.zookeeper.ClientCnxn]Session establishment complete on server 127.0.0.1/127.0.0.1:2181, sessionid = 0x15f2e6f0a4e0003, negotiated timeout = 30000
  [INFO] [2017-10-18 15:45:07][org.I0Itec.zkclient.ZkClient]zookeeper state changed (SyncConnected)
  [INFO] [2017-10-18 15:45:07][com.alibaba.dubbo.registry.zookeeper.ZookeeperRegistry] [DUBBO] Register: dubbo://172.24.10.222:20880/com.ly.dubbo.service.TestService?anyhost=true&application=dubbo_provider&dubbo=2.5.3&interface=com.ly.dubbo.service.TestService&methods=testSayDubbo,say,build&pid=1924&side=provider&timestamp=1508312706620, dubbo version: 2.5.3, current host: 127.0.0.1
  [INFO] [2017-10-18 15:45:07][com.alibaba.dubbo.registry.zookeeper.ZookeeperRegistry] [DUBBO] Subscribe: provider://172.24.10.222:20880/com.ly.dubbo.service.TestService?anyhost=true&application=dubbo_provider&category=configurators&check=false&dubbo=2.5.3&interface=com.ly.dubbo.service.TestService&methods=testSayDubbo,say,build&pid=1924&side=provider&timestamp=1508312706620, dubbo version: 2.5.3, current host: 127.0.0.1
  [INFO] [2017-10-18 15:45:07][com.alibaba.dubbo.registry.zookeeper.ZookeeperRegistry] [DUBBO] Notify urls for subscribe url provider://172.24.10.222:20880/com.ly.dubbo.service.TestService?anyhost=true&application=dubbo_provider&category=configurators&check=false&dubbo=2.5.3&interface=com.ly.dubbo.service.TestService&methods=testSayDubbo,say,build&pid=1924&side=provider&timestamp=1508312706620, urls: [empty://172.24.10.222:20880/com.ly.dubbo.service.TestService?anyhost=true&application=dubbo_provider&category=configurators&check=false&dubbo=2.5.3&interface=com.ly.dubbo.service.TestService&methods=testSayDubbo,say,build&pid=1924&side=provider&timestamp=1508312706620], dubbo version: 2.5.3, current host: 127.0.0.1
  [INFO] [2017-10-18 15:45:07][com.alibaba.dubbo.config.AbstractConfig] [DUBBO] The service ready on spring started. service: com.ly.dubbo.service.IUserService, dubbo version: 2.5.3, current host: 127.0.0.1
  [INFO] [2017-10-18 15:45:07][com.alibaba.dubbo.config.AbstractConfig] [DUBBO] Export dubbo service com.ly.dubbo.service.IUserService to local registry, dubbo version: 2.5.3, current host: 127.0.0.1
  [INFO] [2017-10-18 15:45:07][com.alibaba.dubbo.config.AbstractConfig] [DUBBO] Export dubbo service com.ly.dubbo.service.IUserService to url dubbo://172.24.10.222:20880/com.ly.dubbo.service.IUserService?anyhost=true&application=dubbo_provider&dubbo=2.5.3&interface=com.ly.dubbo.service.IUserService&methods=getListUser&pid=1924&side=provider&timestamp=1508312707365, dubbo version: 2.5.3, current host: 127.0.0.1
  [INFO] [2017-10-18 15:45:07][com.alibaba.dubbo.config.AbstractConfig] [DUBBO] Register dubbo service com.ly.dubbo.service.IUserService url dubbo://172.24.10.222:20880/com.ly.dubbo.service.IUserService?anyhost=true&application=dubbo_provider&dubbo=2.5.3&interface=com.ly.dubbo.service.IUserService&methods=getListUser&pid=1924&side=provider&timestamp=1508312707365 to registry registry://127.0.0.1:2181/com.alibaba.dubbo.registry.RegistryService?application=dubbo_provider&dubbo=2.5.3&pid=1924&registry=zookeeper&timestamp=1508312707364, dubbo version: 2.5.3, current host: 127.0.0.1
  [INFO] [2017-10-18 15:45:07][com.alibaba.dubbo.registry.zookeeper.ZookeeperRegistry] [DUBBO] Register: dubbo://172.24.10.222:20880/com.ly.dubbo.service.IUserService?anyhost=true&application=dubbo_provider&dubbo=2.5.3&interface=com.ly.dubbo.service.IUserService&methods=getListUser&pid=1924&side=provider&timestamp=1508312707365, dubbo version: 2.5.3, current host: 127.0.0.1
  [INFO] [2017-10-18 15:45:07][com.alibaba.dubbo.registry.zookeeper.ZookeeperRegistry] [DUBBO] Subscribe: provider://172.24.10.222:20880/com.ly.dubbo.service.IUserService?anyhost=true&application=dubbo_provider&category=configurators&check=false&dubbo=2.5.3&interface=com.ly.dubbo.service.IUserService&methods=getListUser&pid=1924&side=provider&timestamp=1508312707365, dubbo version: 2.5.3, current host: 127.0.0.1
  [INFO] [2017-10-18 15:45:07][com.alibaba.dubbo.registry.zookeeper.ZookeeperRegistry] [DUBBO] Notify urls for subscribe url provider://172.24.10.222:20880/com.ly.dubbo.service.IUserService?anyhost=true&application=dubbo_provider&category=configurators&check=false&dubbo=2.5.3&interface=com.ly.dubbo.service.IUserService&methods=getListUser&pid=1924&side=provider&timestamp=1508312707365, urls: [override://172.24.10.222/com.ly.dubbo.service.IUserService?category=configurators&dynamic=false&enabled=true&weight=200, override://172.24.10.222:20883/com.ly.dubbo.service.IUserService?category=configurators&dynamic=false&enabled=true&weight=200, override://172.24.10.222:20880/com.ly.dubbo.service.IUserService?category=configurators&dynamic=false&enabled=true&weight=400], dubbo version: 2.5.3, current host: 127.0.0.1
  [INFO] [2017-10-18 15:45:07][org.springframework.web.context.ContextLoader]Root WebApplicationContext: initialization completed in 3545 ms
  [INFO] [2017-10-18 15:45:07][org.springframework.web.servlet.DispatcherServlet]FrameworkServlet 'dubbo_provider_Servlet': initialization started
  [INFO] [2017-10-18 15:45:07][org.springframework.web.context.support.XmlWebApplicationContext]Refreshing WebApplicationContext for namespace 'dubbo_provider_Servlet-servlet': startup date [Wed Oct 18 15:45:07 CST 2017]; parent: Root WebApplicationContext
  [INFO] [2017-10-18 15:45:07][org.springframework.beans.factory.xml.XmlBeanDefinitionReader]Loading XML bean definitions from file [E:\gitworkspace\dubbo-service\target\classes\applicationContext-dao.xml]
  [INFO] [2017-10-18 15:45:07][org.springframework.beans.factory.xml.XmlBeanDefinitionReader]Loading XML bean definitions from file [E:\gitworkspace\dubbo-service\target\classes\applicationContext-dubbo.xml]
  [INFO] [2017-10-18 15:45:07][org.springframework.beans.factory.xml.XmlBeanDefinitionReader]Loading XML bean definitions from file [E:\gitworkspace\dubbo-service\target\classes\applicationContext-mvc.xml]
  [INFO] [2017-10-18 15:45:08][org.springframework.beans.factory.xml.XmlBeanDefinitionReader]Loading XML bean definitions from file [E:\gitworkspace\dubbo-service\target\classes\applicationContext-service.xml]
  [INFO] [2017-10-18 15:45:08][org.springframework.context.annotation.ClassPathBeanDefinitionScanner]JSR-250 'javax.annotation.ManagedBean' found and supported for component scanning
  [INFO] [2017-10-18 15:45:08][org.springframework.context.annotation.ClassPathBeanDefinitionScanner]JSR-330 'javax.inject.Named' annotation found and supported for component scanning
  [INFO] [2017-10-18 15:45:08][org.springframework.context.support.PropertySourcesPlaceholderConfigurer]Loading properties file from class path resource [jdbc.properties]
  [INFO] [2017-10-18 15:45:08][org.springframework.beans.factory.annotation.AutowiredAnnotationBeanPostProcessor]JSR-330 'javax.inject.Inject' annotation found and supported for autowiring
  [INFO] [2017-10-18 15:45:08][org.springframework.beans.factory.support.DefaultListableBeanFactory]Pre-instantiating singletons in org.springframework.beans.factory.support.DefaultListableBeanFactory@57339102: defining beans [org.springframework.context.support.PropertySourcesPlaceholderConfigurer#0,dataSource,sqlSessionFactory,org.mybatis.spring.mapper.MapperScannerConfigurer#0,dubbo_provider,com.alibaba.dubbo.config.RegistryConfig,dubbo,com.ly.dubbo.service.TestService,testService,com.ly.dubbo.service.IUserService,userService,org.springframework.web.servlet.mvc.method.annotation.RequestMappingHandlerMapping#0,org.springframework.format.support.FormattingConversionServiceFactoryBean#0,org.springframework.web.servlet.mvc.method.annotation.RequestMappingHandlerAdapter#0,org.springframework.web.servlet.handler.MappedInterceptor#0,org.springframework.web.servlet.mvc.method.annotation.ExceptionHandlerExceptionResolver#0,org.springframework.web.servlet.mvc.annotation.ResponseStatusExceptionResolver#0,org.springframework.web.servlet.mvc.support.DefaultHandlerExceptionResolver#0,org.springframework.web.servlet.handler.BeanNameUrlHandlerMapping,org.springframework.web.servlet.mvc.HttpRequestHandlerAdapter,org.springframework.web.servlet.mvc.SimpleControllerHandlerAdapter,org.springframework.web.servlet.resource.ResourceHttpRequestHandler#0,org.springframework.web.servlet.handler.SimpleUrlHandlerMapping#0,org.springframework.web.servlet.mvc.annotation.AnnotationMethodHandlerAdapter#0,userServiceImpl,org.springframework.context.annotation.internalConfigurationAnnotationProcessor,org.springframework.context.annotation.internalAutowiredAnnotationProcessor,org.springframework.context.annotation.internalRequiredAnnotationProcessor,org.springframework.context.annotation.internalCommonAnnotationProcessor,transactionManager,org.springframework.aop.config.internalAutoProxyCreator,org.springframework.transaction.annotation.AnnotationTransactionAttributeSource#0,org.springframework.transaction.interceptor.TransactionInterceptor#0,org.springframework.transaction.config.internalTransactionAdvisor,IUserDao,org.springframework.context.annotation.ConfigurationClassPostProcessor.importAwareProcessor]; parent: org.springframework.beans.factory.support.DefaultListableBeanFactory@54fc218f
  [INFO] [2017-10-18 15:45:08][org.springframework.web.servlet.handler.SimpleUrlHandlerMapping]Mapped URL path [/resources/**] onto handler 'org.springframework.web.servlet.resource.ResourceHttpRequestHandler#0'
  [INFO] [2017-10-18 15:45:08][com.alibaba.dubbo.config.AbstractConfig] [DUBBO] The service ready on spring started. service: com.ly.dubbo.service.TestService, dubbo version: 2.5.3, current host: 127.0.0.1
  [INFO] [2017-10-18 15:45:08][com.alibaba.dubbo.config.AbstractConfig] [DUBBO] Export dubbo service com.ly.dubbo.service.TestService to local registry, dubbo version: 2.5.3, current host: 127.0.0.1
  [INFO] [2017-10-18 15:45:08][com.alibaba.dubbo.config.AbstractConfig] [DUBBO] Export dubbo service com.ly.dubbo.service.TestService to url dubbo://172.24.10.222:20880/com.ly.dubbo.service.TestService?anyhost=true&application=dubbo_provider&dubbo=2.5.3&interface=com.ly.dubbo.service.TestService&methods=testSayDubbo,say,build&pid=1924&side=provider&timestamp=1508312708553, dubbo version: 2.5.3, current host: 127.0.0.1
  [INFO] [2017-10-18 15:45:08][com.alibaba.dubbo.config.AbstractConfig] [DUBBO] Register dubbo service com.ly.dubbo.service.TestService url dubbo://172.24.10.222:20880/com.ly.dubbo.service.TestService?anyhost=true&application=dubbo_provider&dubbo=2.5.3&interface=com.ly.dubbo.service.TestService&methods=testSayDubbo,say,build&pid=1924&side=provider&timestamp=1508312708553 to registry registry://127.0.0.1:2181/com.alibaba.dubbo.registry.RegistryService?application=dubbo_provider&dubbo=2.5.3&pid=1924&registry=zookeeper&timestamp=1508312708552, dubbo version: 2.5.3, current host: 127.0.0.1
  [INFO] [2017-10-18 15:45:08][com.alibaba.dubbo.registry.zookeeper.ZookeeperRegistry] [DUBBO] Register: dubbo://172.24.10.222:20880/com.ly.dubbo.service.TestService?anyhost=true&application=dubbo_provider&dubbo=2.5.3&interface=com.ly.dubbo.service.TestService&methods=testSayDubbo,say,build&pid=1924&side=provider&timestamp=1508312708553, dubbo version: 2.5.3, current host: 127.0.0.1
  [INFO] [2017-10-18 15:45:08][com.alibaba.dubbo.registry.zookeeper.ZookeeperRegistry] [DUBBO] Subscribe: provider://172.24.10.222:20880/com.ly.dubbo.service.TestService?anyhost=true&application=dubbo_provider&category=configurators&check=false&dubbo=2.5.3&interface=com.ly.dubbo.service.TestService&methods=testSayDubbo,say,build&pid=1924&side=provider&timestamp=1508312708553, dubbo version: 2.5.3, current host: 127.0.0.1
  [INFO] [2017-10-18 15:45:08][com.alibaba.dubbo.registry.zookeeper.ZookeeperRegistry] [DUBBO] Notify urls for subscribe url provider://172.24.10.222:20880/com.ly.dubbo.service.TestService?anyhost=true&application=dubbo_provider&category=configurators&check=false&dubbo=2.5.3&interface=com.ly.dubbo.service.TestService&methods=testSayDubbo,say,build&pid=1924&side=provider&timestamp=1508312708553, urls: [empty://172.24.10.222:20880/com.ly.dubbo.service.TestService?anyhost=true&application=dubbo_provider&category=configurators&check=false&dubbo=2.5.3&interface=com.ly.dubbo.service.TestService&methods=testSayDubbo,say,build&pid=1924&side=provider&timestamp=1508312708553], dubbo version: 2.5.3, current host: 127.0.0.1
  [INFO] [2017-10-18 15:45:08][com.alibaba.dubbo.config.AbstractConfig] [DUBBO] The service ready on spring started. service: com.ly.dubbo.service.IUserService, dubbo version: 2.5.3, current host: 127.0.0.1
  [INFO] [2017-10-18 15:45:08][com.alibaba.dubbo.config.AbstractConfig] [DUBBO] Export dubbo service com.ly.dubbo.service.IUserService to local registry, dubbo version: 2.5.3, current host: 127.0.0.1
  [INFO] [2017-10-18 15:45:08][com.alibaba.dubbo.config.AbstractConfig] [DUBBO] Export dubbo service com.ly.dubbo.service.IUserService to url dubbo://172.24.10.222:20880/com.ly.dubbo.service.IUserService?anyhost=true&application=dubbo_provider&dubbo=2.5.3&interface=com.ly.dubbo.service.IUserService&methods=getListUser&pid=1924&side=provider&timestamp=1508312708829, dubbo version: 2.5.3, current host: 127.0.0.1
  [INFO] [2017-10-18 15:45:08][com.alibaba.dubbo.config.AbstractConfig] [DUBBO] Register dubbo service com.ly.dubbo.service.IUserService url dubbo://172.24.10.222:20880/com.ly.dubbo.service.IUserService?anyhost=true&application=dubbo_provider&dubbo=2.5.3&interface=com.ly.dubbo.service.IUserService&methods=getListUser&pid=1924&side=provider&timestamp=1508312708829 to registry registry://127.0.0.1:2181/com.alibaba.dubbo.registry.RegistryService?application=dubbo_provider&dubbo=2.5.3&pid=1924&registry=zookeeper&timestamp=1508312708829, dubbo version: 2.5.3, current host: 127.0.0.1
  [INFO] [2017-10-18 15:45:08][com.alibaba.dubbo.registry.zookeeper.ZookeeperRegistry] [DUBBO] Register: dubbo://172.24.10.222:20880/com.ly.dubbo.service.IUserService?anyhost=true&application=dubbo_provider&dubbo=2.5.3&interface=com.ly.dubbo.service.IUserService&methods=getListUser&pid=1924&side=provider&timestamp=1508312708829, dubbo version: 2.5.3, current host: 127.0.0.1
  [INFO] [2017-10-18 15:45:08][com.alibaba.dubbo.registry.zookeeper.ZookeeperRegistry] [DUBBO] Subscribe: provider://172.24.10.222:20880/com.ly.dubbo.service.IUserService?anyhost=true&application=dubbo_provider&category=configurators&check=false&dubbo=2.5.3&interface=com.ly.dubbo.service.IUserService&methods=getListUser&pid=1924&side=provider&timestamp=1508312708829, dubbo version: 2.5.3, current host: 127.0.0.1
  [INFO] [2017-10-18 15:45:09][com.alibaba.dubbo.registry.zookeeper.ZookeeperRegistry] [DUBBO] Notify urls for subscribe url provider://172.24.10.222:20880/com.ly.dubbo.service.IUserService?anyhost=true&application=dubbo_provider&category=configurators&check=false&dubbo=2.5.3&interface=com.ly.dubbo.service.IUserService&methods=getListUser&pid=1924&side=provider&timestamp=1508312708829, urls: [override://172.24.10.222/com.ly.dubbo.service.IUserService?category=configurators&dynamic=false&enabled=true&weight=200, override://172.24.10.222:20883/com.ly.dubbo.service.IUserService?category=configurators&dynamic=false&enabled=true&weight=200, override://172.24.10.222:20880/com.ly.dubbo.service.IUserService?category=configurators&dynamic=false&enabled=true&weight=400], dubbo version: 2.5.3, current host: 127.0.0.1
  [INFO] [2017-10-18 15:45:09][org.springframework.web.servlet.DispatcherServlet]FrameworkServlet 'dubbo_provider_Servlet': initialization completed in 1416 ms
  [INFO] [2017-10-18 15:47:06][com.mchange.v2.c3p0.impl.AbstractPoolBackedDataSource]Initializing c3p0 pool... com.mchange.v2.c3p0.ComboPooledDataSource [ acquireIncrement -> 3, acquireRetryAttempts -> 2, acquireRetryDelay -> 1000, autoCommitOnClose -> false, automaticTestTable -> null, breakAfterAcquireFailure -> false, checkoutTimeout -> 1000, connectionCustomizerClassName -> null, connectionTesterClassName -> com.mchange.v2.c3p0.impl.DefaultConnectionTester, dataSourceName -> 1bqzxlq9rcvwmtt1ehaia2|400edaea, debugUnreturnedConnectionStackTraces -> false, description -> null, driverClass -> com.mysql.jdbc.Driver, factoryClassLocation -> null, forceIgnoreUnresolvedTransactions -> false, identityToken -> 1bqzxlq9rcvwmtt1ehaia2|400edaea, idleConnectionTestPeriod -> 0, initialPoolSize -> 3, jdbcUrl -> jdbc:mysql://localhost:3306/mixi?useUnicode=true&characterEncoding=utf8, maxAdministrativeTaskTime -> 0, maxConnectionAge -> 0, maxIdleTime -> 0, maxIdleTimeExcessConnections -> 0, maxPoolSize -> 30, maxStatements -> 0, maxStatementsPerConnection -> 0, minPoolSize -> 10, numHelperThreads -> 3, numThreadsAwaitingCheckoutDefaultUser -> 0, preferredTestQuery -> null, properties -> {user=******, password=******}, propertyCycle -> 0, testConnectionOnCheckin -> false, testConnectionOnCheckout -> false, unreturnedConnectionTimeout -> 0, usesTraditionalReflectiveProxies -> false ]
  [WARN] [2017-10-18 15:47:10][com.alibaba.dubbo.remoting.transport.AbstractServer] [DUBBO] All clients has discontected from /172.24.10.222:20880. You can graceful shutdown now., dubbo version: 2.5.3, current host: 127.0.0.1
  [INFO] [2017-10-18 15:47:10][com.alibaba.dubbo.rpc.protocol.dubbo.DubboProtocol] [DUBBO] disconected from /172.24.10.222:54566,url:dubbo://172.24.10.222:20880/com.ly.dubbo.service.TestService?anyhost=true&application=dubbo_provider&channel.readonly.sent=true&codec=dubbo&dubbo=2.5.3&heartbeat=60000&interface=com.ly.dubbo.service.TestService&methods=testSayDubbo,say,build&pid=1924&side=provider&timestamp=1508312706620, dubbo version: 2.5.3, current host: 127.0.0.1
  [INFO] [2017-10-18 15:53:30][com.alibaba.dubbo.registry.zookeeper.ZookeeperRegistry] [DUBBO] Notify urls for subscribe url provider://172.24.10.222:20880/com.ly.dubbo.service.IUserService?anyhost=true&application=dubbo_provider&category=configurators&check=false&dubbo=2.5.3&interface=com.ly.dubbo.service.IUserService&methods=getListUser&pid=1924&side=provider&timestamp=1508312707365, urls: [override://172.24.10.222:20883/com.ly.dubbo.service.IUserService?category=configurators&dynamic=false&enabled=true&weight=200, override://172.24.10.222:20880/com.ly.dubbo.service.IUserService?category=configurators&dynamic=false&enabled=true&weight=400], dubbo version: 2.5.3, current host: 127.0.0.1
  [INFO] [2017-10-18 15:53:30][com.alibaba.dubbo.registry.zookeeper.ZookeeperRegistry] [DUBBO] Notify urls for subscribe url provider://172.24.10.222:20880/com.ly.dubbo.service.IUserService?anyhost=true&application=dubbo_provider&category=configurators&check=false&dubbo=2.5.3&interface=com.ly.dubbo.service.IUserService&methods=getListUser&pid=1924&side=provider&timestamp=1508312708829, urls: [override://172.24.10.222:20883/com.ly.dubbo.service.IUserService?category=configurators&dynamic=false&enabled=true&weight=200, override://172.24.10.222:20880/com.ly.dubbo.service.IUserService?category=configurators&dynamic=false&enabled=true&weight=400], dubbo version: 2.5.3, current host: 127.0.0.1
  [INFO] [2017-10-18 15:54:48][com.alibaba.dubbo.registry.zookeeper.ZookeeperRegistry] [DUBBO] Notify urls for subscribe url provider://172.24.10.222:20880/com.ly.dubbo.service.IUserService?anyhost=true&application=dubbo_provider&category=configurators&check=false&dubbo=2.5.3&interface=com.ly.dubbo.service.IUserService&methods=getListUser&pid=1924&side=provider&timestamp=1508312707365, urls: [override://172.24.10.222:20883/com.ly.dubbo.service.IUserService?category=configurators&dynamic=false&enabled=true&weight=200, override://172.24.10.222:20881/com.ly.dubbo.service.IUserService?category=configurators&dynamic=false&enabled=true&weight=200, override://172.24.10.222:20880/com.ly.dubbo.service.IUserService?category=configurators&dynamic=false&enabled=true&weight=400], dubbo version: 2.5.3, current host: 127.0.0.1
  [INFO] [2017-10-18 15:54:48][com.alibaba.dubbo.registry.zookeeper.ZookeeperRegistry] [DUBBO] Notify urls for subscribe url provider://172.24.10.222:20880/com.ly.dubbo.service.IUserService?anyhost=true&application=dubbo_provider&category=configurators&check=false&dubbo=2.5.3&interface=com.ly.dubbo.service.IUserService&methods=getListUser&pid=1924&side=provider&timestamp=1508312708829, urls: [override://172.24.10.222:20883/com.ly.dubbo.service.IUserService?category=configurators&dynamic=false&enabled=true&weight=200, override://172.24.10.222:20881/com.ly.dubbo.service.IUserService?category=configurators&dynamic=false&enabled=true&weight=200, override://172.24.10.222:20880/com.ly.dubbo.service.IUserService?category=configurators&dynamic=false&enabled=true&weight=400], dubbo version: 2.5.3, current host: 127.0.0.1
  [WARN] [2017-10-18 15:55:13][com.alibaba.dubbo.remoting.transport.AbstractServer] [DUBBO] All clients has discontected from /172.24.10.222:20880. You can graceful shutdown now., dubbo version: 2.5.3, current host: 127.0.0.1
  [INFO] [2017-10-18 15:55:13][com.alibaba.dubbo.rpc.protocol.dubbo.DubboProtocol] [DUBBO] disconected from /172.24.10.222:54924,url:dubbo://172.24.10.222:20880/com.ly.dubbo.service.TestService?anyhost=true&application=dubbo_provider&channel.readonly.sent=true&codec=dubbo&dubbo=2.5.3&heartbeat=60000&interface=com.ly.dubbo.service.TestService&methods=testSayDubbo,say,build&pid=1924&side=provider&timestamp=1508312706620, dubbo version: 2.5.3, current host: 127.0.0.1
  [WARN] [2017-10-18 15:57:52][com.alibaba.dubbo.remoting.transport.AbstractServer] [DUBBO] All clients has discontected from /172.24.10.222:20880. You can graceful shutdown now., dubbo version: 2.5.3, current host: 127.0.0.1
  [INFO] [2017-10-18 15:57:52][com.alibaba.dubbo.rpc.protocol.dubbo.DubboProtocol] [DUBBO] disconected from /172.24.10.222:55068,url:dubbo://172.24.10.222:20880/com.ly.dubbo.service.TestService?anyhost=true&application=dubbo_provider&channel.readonly.sent=true&codec=dubbo&dubbo=2.5.3&heartbeat=60000&interface=com.ly.dubbo.service.TestService&methods=testSayDubbo,say,build&pid=1924&side=provider&timestamp=1508312706620, dubbo version: 2.5.3, current host: 127.0.0.1
  [WARN] [2017-10-18 15:58:51][com.alibaba.dubbo.remoting.transport.AbstractServer] [DUBBO] All clients has discontected from /172.24.10.222:20880. You can graceful shutdown now., dubbo version: 2.5.3, current host: 127.0.0.1
  [INFO] [2017-10-18 15:58:51][com.alibaba.dubbo.rpc.protocol.dubbo.DubboProtocol] [DUBBO] disconected from /172.24.10.222:55112,url:dubbo://172.24.10.222:20880/com.ly.dubbo.service.TestService?anyhost=true&application=dubbo_provider&channel.readonly.sent=true&codec=dubbo&dubbo=2.5.3&heartbeat=60000&interface=com.ly.dubbo.service.TestService&methods=testSayDubbo,say,build&pid=1924&side=provider&timestamp=1508312706620, dubbo version: 2.5.3, current host: 127.0.0.1
  [WARN] [2017-10-18 15:59:28][com.alibaba.dubbo.remoting.transport.AbstractServer] [DUBBO] All clients has discontected from /172.24.10.222:20880. You can graceful shutdown now., dubbo version: 2.5.3, current host: 127.0.0.1
  [INFO] [2017-10-18 15:59:28][com.alibaba.dubbo.rpc.protocol.dubbo.DubboProtocol] [DUBBO] disconected from /172.24.10.222:55147,url:dubbo://172.24.10.222:20880/com.ly.dubbo.service.TestService?anyhost=true&application=dubbo_provider&channel.readonly.sent=true&codec=dubbo&dubbo=2.5.3&heartbeat=60000&interface=com.ly.dubbo.service.TestService&methods=testSayDubbo,say,build&pid=1924&side=provider&timestamp=1508312706620, dubbo version: 2.5.3, current host: 127.0.0.1
  